<?xml version="1.0" encoding="UTF-8"?>
<!-- Generated by org.testng.reporters.JUnitXMLReporter -->
<testsuite ignored="0" hostname="Lenovo" failures="1" tests="2" name="HubSpot application test" time="11.81" errors="0" timestamp="01 Feb 2020 14:30:40 GMT">
  <testcase classname="com.app.hubspot.qa.base.TestBase" name="@AfterMethod teardown" time="11.312">
    <failure type="java.lang.ClassCastException" message="class com.aventstack.extentreports.ExtentTest cannot be cast to class com.aventstack.extentreports.markuputils.Markup (com.aventstack.extentreports.ExtentTest and com.aventstack.extentreports.markuputils.Markup are in unnamed module of loader &amp;apos;app&amp;apos;)">
      <![CDATA[java.lang.ClassCastException: class com.aventstack.extentreports.ExtentTest cannot be cast to class com.aventstack.extentreports.markuputils.Markup (com.aventstack.extentreports.ExtentTest and com.aventstack.extentreports.markuputils.Markup are in unnamed module of loader 'app')
at com.app.hubspot.qa.base.TestBase.teardown(TestBase.java:84)
... Removed 28 stack frames]]>
    </failure>
  </testcase> <!-- @AfterMethod teardown -->
  <testcase classname="com.app.hubspot.qa.base.TestBase" name="@AfterMethod teardown" time="0.0">
    <skipped/>
  </testcase> <!-- @AfterMethod teardown -->
  <testcase classname="com.app.hubspot.qa.testcases.LoginPageTest" name="loginPageTitleTest" time="0.35">
    <failure type="java.lang.AssertionError" message="expected [HubSpot Login1] but found [Checking browser]">
      <![CDATA[java.lang.AssertionError: expected [HubSpot Login1] but found [Checking browser]
at com.app.hubspot.qa.testcases.LoginPageTest.loginPageTitleTest(LoginPageTest.java:15)
... Removed 31 stack frames]]>
    </failure>
  </testcase> <!-- loginPageTitleTest -->
  <testcase classname="com.app.hubspot.qa.testcases.LoginPageTest" name="loginPageTest" time="0.0">
    <skipped/>
  </testcase> <!-- loginPageTest -->
</testsuite> <!-- HubSpot application test -->
